[debug] [2020-11-19T04:37:25.666Z] ----------------------------------------------------------------------
[debug] [2020-11-19T04:37:25.670Z] Command:       C:\Program Files\nodejs\node.exe C:\Users\ADMIN\AppData\Roaming\npm\node_modules\firebase-tools\lib\bin\firebase.js init
[debug] [2020-11-19T04:37:25.670Z] CLI Version:   8.16.2
[debug] [2020-11-19T04:37:25.671Z] Platform:      win32
[debug] [2020-11-19T04:37:25.671Z] Node Version:  v12.18.3
[debug] [2020-11-19T04:37:25.673Z] Time:          Thu Nov 19 2020 10:07:25 GMT+0530 (India Standard Time)
[debug] [2020-11-19T04:37:25.673Z] ----------------------------------------------------------------------
[debug] [2020-11-19T04:37:25.674Z] 
[debug] [2020-11-19T04:37:25.684Z] > command requires scopes: ["email","openid","https://www.googleapis.com/auth/cloudplatformprojects.readonly","https://www.googleapis.com/auth/firebase","https://www.googleapis.com/auth/cloud-platform"]
[debug] [2020-11-19T04:37:25.685Z] > authorizing via signed-in user
[info] 
     ######## #### ########  ######## ########     ###     ######  ########
     ##        ##  ##     ## ##       ##     ##  ##   ##  ##       ##
     ######    ##  ########  ######   ########  #########  ######  ######
     ##        ##  ##    ##  ##       ##     ## ##     ##       ## ##
     ##       #### ##     ## ######## ########  ##     ##  ######  ########

You're about to initialize a Firebase project in this directory:

  C:\Users\ADMIN\Desktop\hotstar

[info] 
=== Project Setup
[info] 
[info] First, let's associate this project directory with a Firebase project.
[info] You can create multiple project aliases by running firebase use --add, 
[info] but for now we'll just set up a default project.
[info] 
[debug] [2020-11-19T04:38:49.272Z] > refreshing access token with scopes: ["email","https://www.googleapis.com/auth/cloud-platform","https://www.googleapis.com/auth/cloudplatformprojects.readonly","https://www.googleapis.com/auth/firebase","openid"]
[debug] [2020-11-19T04:38:49.273Z] >>> HTTP REQUEST POST https://www.googleapis.com/oauth2/v3/token  
 <request body omitted>
[debug] [2020-11-19T04:38:49.686Z] <<< HTTP RESPONSE 200 {"date":"Thu, 19 Nov 2020 04:38:50 GMT","expires":"Mon, 01 Jan 1990 00:00:00 GMT","cache-control":"no-cache, no-store, max-age=0, must-revalidate","pragma":"no-cache","content-type":"application/json; charset=utf-8","vary":"X-Origin, Referer, Origin,Accept-Encoding","server":"scaffolding on HTTPServer2","x-xss-protection":"0","x-frame-options":"SAMEORIGIN","x-content-type-options":"nosniff","alt-svc":"h3-Q050=\":443\"; ma=2592000,h3-29=\":443\"; ma=2592000,h3-T051=\":443\"; ma=2592000,h3-Q046=\":443\"; ma=2592000,h3-Q043=\":443\"; ma=2592000,quic=\":443\"; ma=2592000; v=\"46,43\"","accept-ranges":"none","transfer-encoding":"chunked"}
[debug] [2020-11-19T04:38:49.725Z] >>> HTTP REQUEST GET https://firebase.googleapis.com/v1beta1/projects?pageSize=100  
 
[debug] [2020-11-19T04:38:50.515Z] <<< HTTP RESPONSE 200 {"content-type":"application/json; charset=UTF-8","vary":"X-Origin, Referer, Origin,Accept-Encoding","date":"Thu, 19 Nov 2020 04:38:51 GMT","server":"ESF","cache-control":"private","x-xss-protection":"0","x-frame-options":"SAMEORIGIN","x-content-type-options":"nosniff","alt-svc":"h3-Q050=\":443\"; ma=2592000,h3-29=\":443\"; ma=2592000,h3-T051=\":443\"; ma=2592000,h3-Q046=\":443\"; ma=2592000,h3-Q043=\":443\"; ma=2592000,quic=\":443\"; ma=2592000; v=\"46,43\"","accept-ranges":"none","transfer-encoding":"chunked"}
[info] i  Using project hotstar-fd015 (hotstar) 
[info] 
=== Hosting Setup
[info] 
[info] Your public directory is the folder (relative to your project directory) that
[info] will contain Hosting assets to be uploaded with firebase deploy. If you
[info] have a build process for your assets, use your build's output directory.
[info] 
[debug] [2020-11-19T04:40:33.747Z] ----------------------------------------------------------------------
[debug] [2020-11-19T04:40:33.751Z] Command:       C:\Program Files\nodejs\node.exe C:\Users\ADMIN\AppData\Roaming\npm\node_modules\firebase-tools\lib\bin\firebase.js init
[debug] [2020-11-19T04:40:33.752Z] CLI Version:   8.16.2
[debug] [2020-11-19T04:40:33.752Z] Platform:      win32
[debug] [2020-11-19T04:40:33.752Z] Node Version:  v12.18.3
[debug] [2020-11-19T04:40:33.754Z] Time:          Thu Nov 19 2020 10:10:33 GMT+0530 (India Standard Time)
[debug] [2020-11-19T04:40:33.754Z] ----------------------------------------------------------------------
[debug] [2020-11-19T04:40:33.755Z] 
[debug] [2020-11-19T04:40:33.765Z] > command requires scopes: ["email","openid","https://www.googleapis.com/auth/cloudplatformprojects.readonly","https://www.googleapis.com/auth/firebase","https://www.googleapis.com/auth/cloud-platform"]
[debug] [2020-11-19T04:40:33.766Z] > authorizing via signed-in user
[info] 
     ######## #### ########  ######## ########     ###     ######  ########
     ##        ##  ##     ## ##       ##     ##  ##   ##  ##       ##
     ######    ##  ########  ######   ########  #########  ######  ######
     ##        ##  ##    ##  ##       ##     ## ##     ##       ## ##
     ##       #### ##     ## ######## ########  ##     ##  ######  ########

You're about to initialize a Firebase project in this directory:

  C:\Users\ADMIN\Desktop\hotstar

[info] 
=== Project Setup
[info] 
[info] First, let's associate this project directory with a Firebase project.
[info] You can create multiple project aliases by running firebase use --add, 
[info] but for now we'll just set up a default project.
[info] 
[debug] [2020-11-19T04:40:46.204Z] >>> HTTP REQUEST GET https://firebase.googleapis.com/v1beta1/projects?pageSize=100  
 
[debug] [2020-11-19T04:40:46.918Z] <<< HTTP RESPONSE 200 {"content-type":"application/json; charset=UTF-8","vary":"X-Origin, Referer, Origin,Accept-Encoding","date":"Thu, 19 Nov 2020 04:40:47 GMT","server":"ESF","cache-control":"private","x-xss-protection":"0","x-frame-options":"SAMEORIGIN","x-content-type-options":"nosniff","alt-svc":"h3-Q050=\":443\"; ma=2592000,h3-29=\":443\"; ma=2592000,h3-T051=\":443\"; ma=2592000,h3-Q046=\":443\"; ma=2592000,h3-Q043=\":443\"; ma=2592000,quic=\":443\"; ma=2592000; v=\"46,43\"","accept-ranges":"none","transfer-encoding":"chunked"}
[info] i  Using project hotstar-fd015 (hotstar) 
[info] 
=== Hosting Setup
[info] 
[info] Your public directory is the folder (relative to your project directory) that
[info] will contain Hosting assets to be uploaded with firebase deploy. If you
[info] have a build process for your assets, use your build's output directory.
[info] 
[debug] [2020-11-19T04:41:29.326Z] >>> HTTP REQUEST GET https://www.gstatic.com/firebasejs/releases.json  
 
[debug] [2020-11-19T04:41:29.564Z] <<< HTTP RESPONSE 200 {"accept-ranges":"bytes","vary":"Accept-Encoding, Origin","content-type":"application/json","cross-origin-resource-policy":"cross-origin","content-length":"1411","date":"Thu, 19 Nov 2020 03:59:35 GMT","expires":"Thu, 19 Nov 2020 04:49:35 GMT","last-modified":"Fri, 13 Nov 2020 00:33:17 GMT","x-content-type-options":"nosniff","server":"sffe","x-xss-protection":"0","cache-control":"public, max-age=3000","age":"2515","alt-svc":"h3-Q050=\":443\"; ma=2592000,h3-29=\":443\"; ma=2592000,h3-T051=\":443\"; ma=2592000,h3-Q046=\":443\"; ma=2592000,h3-Q043=\":443\"; ma=2592000,quic=\":443\"; ma=2592000; v=\"46,43\""}
[info] i  Skipping write of build/index.html 
[info] 
[info] i  Detected a .git folder at C:\Users\ADMIN\Desktop\hotstar 
[info] i  Authorizing with GitHub to upload your service account to a GitHub repository's secrets store. 
[info] 
[info] Visit this URL on this device to log in:
[info] https://github.com/login/oauth/authorize?client_id=89cf50f02ac6aaed3484&state=931384113&redirect_uri=http%3A%2F%2Flocalhost%3A9005&scope=read%3Auser%20repo%20public_repo
[info] 
[info] Waiting for authentication...
[debug] [2020-11-19T04:43:24.533Z] ----------------------------------------------------------------------
[debug] [2020-11-19T04:43:24.537Z] Command:       C:\Program Files\nodejs\node.exe C:\Users\ADMIN\AppData\Roaming\npm\node_modules\firebase-tools\lib\bin\firebase.js init
[debug] [2020-11-19T04:43:24.537Z] CLI Version:   8.16.2
[debug] [2020-11-19T04:43:24.537Z] Platform:      win32
[debug] [2020-11-19T04:43:24.537Z] Node Version:  v12.18.3
[debug] [2020-11-19T04:43:24.540Z] Time:          Thu Nov 19 2020 10:13:24 GMT+0530 (India Standard Time)
[debug] [2020-11-19T04:43:24.540Z] ----------------------------------------------------------------------
[debug] [2020-11-19T04:43:24.540Z] 
[debug] [2020-11-19T04:43:24.551Z] > command requires scopes: ["email","openid","https://www.googleapis.com/auth/cloudplatformprojects.readonly","https://www.googleapis.com/auth/firebase","https://www.googleapis.com/auth/cloud-platform"]
[debug] [2020-11-19T04:43:24.552Z] > authorizing via signed-in user
[info] 
     ######## #### ########  ######## ########     ###     ######  ########
     ##        ##  ##     ## ##       ##     ##  ##   ##  ##       ##
     ######    ##  ########  ######   ########  #########  ######  ######
     ##        ##  ##    ##  ##       ##     ## ##     ##       ## ##
     ##       #### ##     ## ######## ########  ##     ##  ######  ########

You're about to initialize a Firebase project in this directory:

  C:\Users\ADMIN\Desktop\hotstar

[info] 
=== Project Setup
[info] 
[info] First, let's associate this project directory with a Firebase project.
[info] You can create multiple project aliases by running firebase use --add, 
[info] but for now we'll just set up a default project.
[info] 
[debug] [2020-11-19T04:43:37.372Z] >>> HTTP REQUEST GET https://firebase.googleapis.com/v1beta1/projects?pageSize=100  
 
[debug] [2020-11-19T04:43:37.999Z] <<< HTTP RESPONSE 200 {"content-type":"application/json; charset=UTF-8","vary":"X-Origin, Referer, Origin,Accept-Encoding","date":"Thu, 19 Nov 2020 04:43:38 GMT","server":"ESF","cache-control":"private","x-xss-protection":"0","x-frame-options":"SAMEORIGIN","x-content-type-options":"nosniff","alt-svc":"h3-Q050=\":443\"; ma=2592000,h3-29=\":443\"; ma=2592000,h3-T051=\":443\"; ma=2592000,h3-Q046=\":443\"; ma=2592000,h3-Q043=\":443\"; ma=2592000,quic=\":443\"; ma=2592000; v=\"46,43\"","accept-ranges":"none","transfer-encoding":"chunked"}
[info] i  Using project hotstar-fd015 (hotstar) 
[info] 
=== Hosting Setup
[info] 
[info] Your public directory is the folder (relative to your project directory) that
[info] will contain Hosting assets to be uploaded with firebase deploy. If you
[info] have a build process for your assets, use your build's output directory.
[info] 
[debug] [2020-11-19T04:45:37.159Z] >>> HTTP REQUEST GET https://www.gstatic.com/firebasejs/releases.json  
 
[debug] [2020-11-19T04:45:37.351Z] <<< HTTP RESPONSE 200 {"accept-ranges":"bytes","vary":"Accept-Encoding, Origin","content-type":"application/json","cross-origin-resource-policy":"cross-origin","content-length":"1411","date":"Thu, 19 Nov 2020 03:59:35 GMT","expires":"Thu, 19 Nov 2020 04:49:35 GMT","last-modified":"Fri, 13 Nov 2020 00:33:17 GMT","x-content-type-options":"nosniff","server":"sffe","x-xss-protection":"0","cache-control":"public, max-age=3000","age":"2762","alt-svc":"h3-Q050=\":443\"; ma=2592000,h3-29=\":443\"; ma=2592000,h3-T051=\":443\"; ma=2592000,h3-Q046=\":443\"; ma=2592000,h3-Q043=\":443\"; ma=2592000,quic=\":443\"; ma=2592000; v=\"46,43\""}
[info] +  Wrote public/index.html 
[info] 
[info] i  Detected a .git folder at C:\Users\ADMIN\Desktop\hotstar 
[info] i  Authorizing with GitHub to upload your service account to a GitHub repository's secrets store. 
[info] 
[info] Visit this URL on this device to log in:
[info] https://github.com/login/oauth/authorize?client_id=89cf50f02ac6aaed3484&state=905817786&redirect_uri=http%3A%2F%2Flocalhost%3A9005&scope=read%3Auser%20repo%20public_repo
[info] 
[info] Waiting for authentication...
[debug] [2020-11-19T04:46:55.163Z] >>> HTTP REQUEST POST https://github.com/login/oauth/access_token  
 {"client_id":"89cf50f02ac6aaed3484","client_secret":"3330d14abc895d9a74d5f17cd7a00711fa2c5bf0","code":"574a629c6b554dc9c398","redirect_uri":"http://localhost:9005","state":"905817786"}
[debug] [2020-11-19T04:46:55.663Z] <<< HTTP RESPONSE 200 {"date":"Thu, 19 Nov 2020 04:46:56 GMT","content-type":"application/json; charset=utf-8","transfer-encoding":"chunked","server":"GitHub.com","status":"200 OK","vary":"X-PJAX, Accept-Encoding, Accept, X-Requested-With, Accept-Encoding","etag":"W/\"b3a3fb76c6e34d2273ed31674c45772f\"","cache-control":"max-age=0, private, must-revalidate","strict-transport-security":"max-age=31536000; includeSubdomains; preload","x-frame-options":"deny","x-content-type-options":"nosniff","x-xss-protection":"1; mode=block","referrer-policy":"origin-when-cross-origin, strict-origin-when-cross-origin","expect-ct":"max-age=2592000, report-uri=\"https://api.github.com/_private/browser/errors\"","content-security-policy":"default-src 'none'; base-uri 'self'; block-all-mixed-content; connect-src 'self' uploads.github.com www.githubstatus.com collector.githubapp.com api.github.com github-cloud.s3.amazonaws.com github-production-repository-file-5c1aeb.s3.amazonaws.com github-production-upload-manifest-file-7fdce7.s3.amazonaws.com github-production-user-asset-6210df.s3.amazonaws.com cdn.optimizely.com logx.optimizely.com/v1/events wss://alive.github.com; font-src github.githubassets.com; form-action 'self' github.com gist.github.com; frame-ancestors 'none'; frame-src render.githubusercontent.com; img-src 'self' data: github.githubassets.com identicons.github.com collector.githubapp.com github-cloud.s3.amazonaws.com *.githubusercontent.com; manifest-src 'self'; media-src 'none'; script-src github.githubassets.com; style-src 'unsafe-inline' github.githubassets.com; worker-src github.com/socket-worker.js gist.github.com/socket-worker.js","x-github-request-id":"CE2B:0AE3:13C4F1:1893FA:5FB5F8BF"}
[debug] [2020-11-19T04:46:55.664Z] >>> HTTP REQUEST GET https://api.github.com/user  
 
[debug] [2020-11-19T04:46:56.195Z] <<< HTTP RESPONSE 200 {"date":"Thu, 19 Nov 2020 04:46:56 GMT","content-type":"application/json; charset=utf-8","content-length":"1389","server":"GitHub.com","status":"200 OK","cache-control":"private, max-age=60, s-maxage=60","vary":"Accept, Authorization, Cookie, X-GitHub-OTP, Accept-Encoding, Accept, X-Requested-With, Accept-Encoding","etag":"\"c3ec82670b4dd7ba43b3c7ec2b60c373f9fc7064017bfef96c6f0f413036b8a8\"","last-modified":"Thu, 19 Nov 2020 04:46:55 GMT","x-oauth-scopes":"read:user, repo","x-accepted-oauth-scopes":"","x-oauth-client-id":"89cf50f02ac6aaed3484","x-github-media-type":"github.v3","x-ratelimit-limit":"5000","x-ratelimit-remaining":"4999","x-ratelimit-reset":"1605764816","x-ratelimit-used":"1","access-control-expose-headers":"ETag, Link, Location, Retry-After, X-GitHub-OTP, X-RateLimit-Limit, X-RateLimit-Remaining, X-RateLimit-Used, X-RateLimit-Reset, X-OAuth-Scopes, X-Accepted-OAuth-Scopes, X-Poll-Interval, X-GitHub-Media-Type, Deprecation, Sunset","access-control-allow-origin":"*","strict-transport-security":"max-age=31536000; includeSubdomains; preload","x-frame-options":"deny","x-content-type-options":"nosniff","x-xss-protection":"1; mode=block","referrer-policy":"origin-when-cross-origin, strict-origin-when-cross-origin","content-security-policy":"default-src 'none'","x-github-request-id":"CE2C:3A08:4E207:65346:5FB5F8C0"}
[info] 
[info] +  Success! Logged into GitHub as mani970 
[info] 
[debug] [2020-11-19T04:51:19.732Z] >>> HTTP REQUEST GET https://api.github.com/repos//actions/secrets/public-key?type=owner  
 
[debug] [2020-11-19T04:51:20.146Z] <<< HTTP RESPONSE 404 {"date":"Thu, 19 Nov 2020 04:51:20 GMT","content-type":"application/json; charset=utf-8","content-length":"74","server":"GitHub.com","status":"404 Not Found","x-oauth-scopes":"read:user, repo","x-accepted-oauth-scopes":"repo","x-oauth-client-id":"89cf50f02ac6aaed3484","x-github-media-type":"github.v3","x-ratelimit-limit":"5000","x-ratelimit-remaining":"4998","x-ratelimit-reset":"1605764816","x-ratelimit-used":"2","access-control-expose-headers":"ETag, Link, Location, Retry-After, X-GitHub-OTP, X-RateLimit-Limit, X-RateLimit-Remaining, X-RateLimit-Used, X-RateLimit-Reset, X-OAuth-Scopes, X-Accepted-OAuth-Scopes, X-Poll-Interval, X-GitHub-Media-Type, Deprecation, Sunset","access-control-allow-origin":"*","strict-transport-security":"max-age=31536000; includeSubdomains; preload","x-frame-options":"deny","x-content-type-options":"nosniff","x-xss-protection":"1; mode=block","referrer-policy":"origin-when-cross-origin, strict-origin-when-cross-origin","content-security-policy":"default-src 'none'","vary":"Accept-Encoding, Accept, X-Requested-With","x-github-request-id":"CE31:6EFC:6BADD:83B3D:5FB5F9C8"}
[debug] [2020-11-19T04:51:20.147Z] <<< HTTP RESPONSE BODY Not Found {"message":"Not Found","documentation_url":"https://docs.github.com/rest"}
[debug] [2020-11-19T04:53:07.489Z] >>> HTTP REQUEST GET https://api.github.com/repos/no/actions/secrets/public-key?type=owner  
 
[debug] [2020-11-19T04:53:07.963Z] <<< HTTP RESPONSE 404 {"date":"Thu, 19 Nov 2020 04:53:08 GMT","content-type":"application/json; charset=utf-8","content-length":"74","server":"GitHub.com","status":"404 Not Found","x-oauth-scopes":"read:user, repo","x-accepted-oauth-scopes":"repo","x-oauth-client-id":"89cf50f02ac6aaed3484","x-github-media-type":"github.v3","x-ratelimit-limit":"5000","x-ratelimit-remaining":"4997","x-ratelimit-reset":"1605764816","x-ratelimit-used":"3","access-control-expose-headers":"ETag, Link, Location, Retry-After, X-GitHub-OTP, X-RateLimit-Limit, X-RateLimit-Remaining, X-RateLimit-Used, X-RateLimit-Reset, X-OAuth-Scopes, X-Accepted-OAuth-Scopes, X-Poll-Interval, X-GitHub-Media-Type, Deprecation, Sunset","access-control-allow-origin":"*","strict-transport-security":"max-age=31536000; includeSubdomains; preload","x-frame-options":"deny","x-content-type-options":"nosniff","x-xss-protection":"1; mode=block","referrer-policy":"origin-when-cross-origin, strict-origin-when-cross-origin","content-security-policy":"default-src 'none'","vary":"Accept-Encoding, Accept, X-Requested-With","x-github-request-id":"CE3E:6EBE:61533:797C3:5FB5FA34"}
[debug] [2020-11-19T04:53:07.963Z] <<< HTTP RESPONSE BODY Not Found {"message":"Not Found","documentation_url":"https://docs.github.com/rest"}
[debug] [2020-11-19T04:53:36.454Z] >>> HTTP REQUEST GET https://api.github.com/repos/.github/workflows/deploy.yml/actions/secrets/public-key?type=owner  
 
[debug] [2020-11-19T04:53:36.876Z] <<< HTTP RESPONSE 404 {"date":"Thu, 19 Nov 2020 04:53:37 GMT","content-type":"application/json; charset=utf-8","content-length":"74","server":"GitHub.com","status":"404 Not Found","x-oauth-scopes":"read:user, repo","x-accepted-oauth-scopes":"repo","x-oauth-client-id":"89cf50f02ac6aaed3484","x-github-media-type":"github.v3","x-ratelimit-limit":"5000","x-ratelimit-remaining":"4996","x-ratelimit-reset":"1605764816","x-ratelimit-used":"4","access-control-expose-headers":"ETag, Link, Location, Retry-After, X-GitHub-OTP, X-RateLimit-Limit, X-RateLimit-Remaining, X-RateLimit-Used, X-RateLimit-Reset, X-OAuth-Scopes, X-Accepted-OAuth-Scopes, X-Poll-Interval, X-GitHub-Media-Type, Deprecation, Sunset","access-control-allow-origin":"*","strict-transport-security":"max-age=31536000; includeSubdomains; preload","x-frame-options":"deny","x-content-type-options":"nosniff","x-xss-protection":"1; mode=block","referrer-policy":"origin-when-cross-origin, strict-origin-when-cross-origin","content-security-policy":"default-src 'none'","vary":"Accept-Encoding, Accept, X-Requested-With","x-github-request-id":"CE40:4F1B:5B5A8:7310E:5FB5FA51"}
[debug] [2020-11-19T04:53:36.876Z] <<< HTTP RESPONSE BODY Not Found {"message":"Not Found","documentation_url":"https://docs.github.com/rest"}
